<?xml version="1.0" encoding="UTF-8"?>
<!-- Generated by org.testng.reporters.JUnitReportReporter -->
<testsuite hostname="DUSTIN-LAPTOP" failures="0" tests="1" name="sfgmypetclinic.SfgMyPetClinicApplicationTests" time="0.008" errors="0" timestamp="2020-08-11T22:08:39 CDT" skipped="0">
  <testcase classname="sfgmypetclinic.SfgMyPetClinicApplicationTests" name="contextLoads" time="0.008"/>
  <system-out/>
</testsuite> <!-- sfgmypetclinic.SfgMyPetClinicApplicationTests -->
