<?xml version="1.0" encoding="UTF-8"?>
<!-- Generated by org.testng.reporters.JUnitReportReporter -->
<testsuite hostname="DUSTIN-LAPTOP" failures="0" tests="1" name="sfgmypetclinic.SfgMyPetClinicApplicationTests" time="0.020" errors="0" timestamp="2020-08-04T18:54:59 CDT" skipped="0">
  <testcase classname="sfgmypetclinic.SfgMyPetClinicApplicationTests" name="contextLoads" time="0.020"/>
  <system-out/>
</testsuite> <!-- sfgmypetclinic.SfgMyPetClinicApplicationTests -->
